<?xml version="1.0" encoding="UTF-8"?>
<!-- Generated by org.testng.reporters.JUnitReportReporter -->
<testsuite hostname="Bhushan" failures="0" tests="3" name="testNgPack.verifyForgotpasswordpage" time="9.340" errors="0" timestamp="2023-04-10T16:00:16 IST" skipped="0">
  <testcase classname="testNgPack.verifyForgotpasswordpage" name="verifyMessageonForgotpasswordpage" time="4.073"/>
  <system-out/>
  <testcase classname="testNgPack.verifyForgotpasswordpage" name="verifySerachfuctiononForgotpasswordpage" time="2.579"/>
  <system-out/>
  <testcase classname="testNgPack.verifyForgotpasswordpage" name="verifyCancelButtononForgotpasswordpage" time="2.688"/>
  <system-out/>
</testsuite> <!-- testNgPack.verifyForgotpasswordpage -->
