<?xml version="1.0" encoding="UTF-8"?>
<!-- Generated by org.testng.reporters.JUnitReportReporter -->
<testsuite hostname="Bhushan" failures="0" tests="3" name="testNgPack.VerifyLoginpage" time="3.749" errors="0" timestamp="2023-04-11T13:15:42 IST" skipped="0">
  <testcase classname="testNgPack.VerifyLoginpage" name="test3" time="0.740"/>
  <system-out/>
  <testcase classname="testNgPack.VerifyLoginpage" name="test" time="2.434"/>
  <system-out/>
  <testcase classname="testNgPack.VerifyLoginpage" name="test2" time="0.575"/>
  <system-out/>
</testsuite> <!-- testNgPack.VerifyLoginpage -->
